{"/Users/cristianofeitosa/Documents/Projects/rocketseat/ignite/react native/iweather/src/assets/background.png": {"path":"/Users/cristianofeitosa/Documents/Projects/rocketseat/ignite/react native/iweather/src/assets/background.png","statementMap":{"0":{"start":{"line":1,"column":0},"end":{"line":4,"column":6}}},"fnMap":{},"branchMap":{},"s":{"0":1},"f":{},"b":{},"_coverageSchema":"1a1c01bbd47fc00a2c39e90264f33305004495a9","hash":"b6ae7b95972ed616a8e80283f336dd9e9a5958e1"}
,"/Users/cristianofeitosa/Documents/Projects/rocketseat/ignite/react native/iweather/src/assets/bg_clear_day.png": {"path":"/Users/cristianofeitosa/Documents/Projects/rocketseat/ignite/react native/iweather/src/assets/bg_clear_day.png","statementMap":{"0":{"start":{"line":1,"column":0},"end":{"line":4,"column":6}}},"fnMap":{},"branchMap":{},"s":{"0":2},"f":{},"b":{},"_coverageSchema":"1a1c01bbd47fc00a2c39e90264f33305004495a9","hash":"c59129c59035240096d7309b3232b35b97f523be"}
,"/Users/cristianofeitosa/Documents/Projects/rocketseat/ignite/react native/iweather/src/assets/bg_clear_night.png": {"path":"/Users/cristianofeitosa/Documents/Projects/rocketseat/ignite/react native/iweather/src/assets/bg_clear_night.png","statementMap":{"0":{"start":{"line":1,"column":0},"end":{"line":4,"column":6}}},"fnMap":{},"branchMap":{},"s":{"0":2},"f":{},"b":{},"_coverageSchema":"1a1c01bbd47fc00a2c39e90264f33305004495a9","hash":"e967468470eff4f3520598d9f2cf35d3e201434d"}
,"/Users/cristianofeitosa/Documents/Projects/rocketseat/ignite/react native/iweather/src/assets/bg_cloudy_day.png": {"path":"/Users/cristianofeitosa/Documents/Projects/rocketseat/ignite/react native/iweather/src/assets/bg_cloudy_day.png","statementMap":{"0":{"start":{"line":1,"column":0},"end":{"line":4,"column":6}}},"fnMap":{},"branchMap":{},"s":{"0":2},"f":{},"b":{},"_coverageSchema":"1a1c01bbd47fc00a2c39e90264f33305004495a9","hash":"eb47aec4c3726bd16db920ea4f01ef1413130dff"}
,"/Users/cristianofeitosa/Documents/Projects/rocketseat/ignite/react native/iweather/src/assets/bg_cloudy_night.png": {"path":"/Users/cristianofeitosa/Documents/Projects/rocketseat/ignite/react native/iweather/src/assets/bg_cloudy_night.png","statementMap":{"0":{"start":{"line":1,"column":0},"end":{"line":4,"column":6}}},"fnMap":{},"branchMap":{},"s":{"0":2},"f":{},"b":{},"_coverageSchema":"1a1c01bbd47fc00a2c39e90264f33305004495a9","hash":"8794ee8ca28d28b0fe947517235af0f986efb54f"}
,"/Users/cristianofeitosa/Documents/Projects/rocketseat/ignite/react native/iweather/src/assets/bg_rain_day.png": {"path":"/Users/cristianofeitosa/Documents/Projects/rocketseat/ignite/react native/iweather/src/assets/bg_rain_day.png","statementMap":{"0":{"start":{"line":1,"column":0},"end":{"line":4,"column":6}}},"fnMap":{},"branchMap":{},"s":{"0":2},"f":{},"b":{},"_coverageSchema":"1a1c01bbd47fc00a2c39e90264f33305004495a9","hash":"c57557324937cb5608cec5612f263fd63a1b18f0"}
,"/Users/cristianofeitosa/Documents/Projects/rocketseat/ignite/react native/iweather/src/assets/bg_rain_night.png": {"path":"/Users/cristianofeitosa/Documents/Projects/rocketseat/ignite/react native/iweather/src/assets/bg_rain_night.png","statementMap":{"0":{"start":{"line":1,"column":0},"end":{"line":4,"column":6}}},"fnMap":{},"branchMap":{},"s":{"0":2},"f":{},"b":{},"_coverageSchema":"1a1c01bbd47fc00a2c39e90264f33305004495a9","hash":"6482098115c30bff279564dd16231ef37b53fa9f"}
,"/Users/cristianofeitosa/Documents/Projects/rocketseat/ignite/react native/iweather/src/assets/bg_snow_day.png": {"path":"/Users/cristianofeitosa/Documents/Projects/rocketseat/ignite/react native/iweather/src/assets/bg_snow_day.png","statementMap":{"0":{"start":{"line":1,"column":0},"end":{"line":4,"column":6}}},"fnMap":{},"branchMap":{},"s":{"0":2},"f":{},"b":{},"_coverageSchema":"1a1c01bbd47fc00a2c39e90264f33305004495a9","hash":"f5a6cf289016e273ed8de5733f394b91b66e1c52"}
,"/Users/cristianofeitosa/Documents/Projects/rocketseat/ignite/react native/iweather/src/assets/bg_snow_night.png": {"path":"/Users/cristianofeitosa/Documents/Projects/rocketseat/ignite/react native/iweather/src/assets/bg_snow_night.png","statementMap":{"0":{"start":{"line":1,"column":0},"end":{"line":4,"column":6}}},"fnMap":{},"branchMap":{},"s":{"0":2},"f":{},"b":{},"_coverageSchema":"1a1c01bbd47fc00a2c39e90264f33305004495a9","hash":"1810bf7a558e4312e934f9d93359b6618dc742fb"}
,"/Users/cristianofeitosa/Documents/Projects/rocketseat/ignite/react native/iweather/src/assets/clear_day.svg": {"path":"/Users/cristianofeitosa/Documents/Projects/rocketseat/ignite/react native/iweather/src/assets/clear_day.svg","statementMap":{"0":{"start":{"line":2,"column":14},"end":{"line":2,"column":30}},"1":{"start":{"line":4,"column":2},"end":{"line":7,"column":4}},"2":{"start":{"line":9,"column":0},"end":{"line":9,"column":30}}},"fnMap":{"0":{"name":"SvgClear_day","decl":{"start":{"line":3,"column":9},"end":{"line":3,"column":21}},"loc":{"start":{"line":3,"column":29},"end":{"line":8,"column":1}},"line":3}},"branchMap":{},"s":{"0":4,"1":8,"2":4},"f":{"0":8},"b":{},"_coverageSchema":"1a1c01bbd47fc00a2c39e90264f33305004495a9","hash":"eb14f94bbc6b00884a82e2f1a0ae3159457d80eb"}
,"/Users/cristianofeitosa/Documents/Projects/rocketseat/ignite/react native/iweather/src/assets/clear_night.svg": {"path":"/Users/cristianofeitosa/Documents/Projects/rocketseat/ignite/react native/iweather/src/assets/clear_night.svg","statementMap":{"0":{"start":{"line":2,"column":14},"end":{"line":2,"column":30}},"1":{"start":{"line":4,"column":2},"end":{"line":7,"column":4}},"2":{"start":{"line":9,"column":0},"end":{"line":9,"column":32}}},"fnMap":{"0":{"name":"SvgClear_night","decl":{"start":{"line":3,"column":9},"end":{"line":3,"column":23}},"loc":{"start":{"line":3,"column":31},"end":{"line":8,"column":1}},"line":3}},"branchMap":{},"s":{"0":2,"1":2,"2":2},"f":{"0":2},"b":{},"_coverageSchema":"1a1c01bbd47fc00a2c39e90264f33305004495a9","hash":"18e67df4297a07da4e58b16582c9af522f4f2f84"}
,"/Users/cristianofeitosa/Documents/Projects/rocketseat/ignite/react native/iweather/src/assets/cloudy_day.svg": {"path":"/Users/cristianofeitosa/Documents/Projects/rocketseat/ignite/react native/iweather/src/assets/cloudy_day.svg","statementMap":{"0":{"start":{"line":2,"column":14},"end":{"line":2,"column":30}},"1":{"start":{"line":4,"column":2},"end":{"line":7,"column":4}},"2":{"start":{"line":9,"column":0},"end":{"line":9,"column":31}}},"fnMap":{"0":{"name":"SvgCloudy_day","decl":{"start":{"line":3,"column":9},"end":{"line":3,"column":22}},"loc":{"start":{"line":3,"column":30},"end":{"line":8,"column":1}},"line":3}},"branchMap":{},"s":{"0":2,"1":0,"2":2},"f":{"0":0},"b":{},"_coverageSchema":"1a1c01bbd47fc00a2c39e90264f33305004495a9","hash":"12faf82514b547e6326b755341a9acc6f9bc19a4"}
,"/Users/cristianofeitosa/Documents/Projects/rocketseat/ignite/react native/iweather/src/assets/cloudy_night.svg": {"path":"/Users/cristianofeitosa/Documents/Projects/rocketseat/ignite/react native/iweather/src/assets/cloudy_night.svg","statementMap":{"0":{"start":{"line":2,"column":14},"end":{"line":2,"column":30}},"1":{"start":{"line":4,"column":2},"end":{"line":7,"column":4}},"2":{"start":{"line":9,"column":0},"end":{"line":9,"column":33}}},"fnMap":{"0":{"name":"SvgCloudy_night","decl":{"start":{"line":3,"column":9},"end":{"line":3,"column":24}},"loc":{"start":{"line":3,"column":32},"end":{"line":8,"column":1}},"line":3}},"branchMap":{},"s":{"0":2,"1":0,"2":2},"f":{"0":0},"b":{},"_coverageSchema":"1a1c01bbd47fc00a2c39e90264f33305004495a9","hash":"ba2288456cecc28142b563d31bfc7672b09478d6"}
,"/Users/cristianofeitosa/Documents/Projects/rocketseat/ignite/react native/iweather/src/assets/drop.svg": {"path":"/Users/cristianofeitosa/Documents/Projects/rocketseat/ignite/react native/iweather/src/assets/drop.svg","statementMap":{"0":{"start":{"line":2,"column":14},"end":{"line":2,"column":30}},"1":{"start":{"line":4,"column":2},"end":{"line":7,"column":4}},"2":{"start":{"line":9,"column":0},"end":{"line":9,"column":25}}},"fnMap":{"0":{"name":"SvgDrop","decl":{"start":{"line":3,"column":9},"end":{"line":3,"column":16}},"loc":{"start":{"line":3,"column":24},"end":{"line":8,"column":1}},"line":3}},"branchMap":{},"s":{"0":2,"1":3,"2":2},"f":{"0":3},"b":{},"_coverageSchema":"1a1c01bbd47fc00a2c39e90264f33305004495a9","hash":"da16632c7dd0f6897f35683a9a8c1e229afe760e"}
,"/Users/cristianofeitosa/Documents/Projects/rocketseat/ignite/react native/iweather/src/assets/logo.svg": {"path":"/Users/cristianofeitosa/Documents/Projects/rocketseat/ignite/react native/iweather/src/assets/logo.svg","statementMap":{"0":{"start":{"line":2,"column":14},"end":{"line":2,"column":30}},"1":{"start":{"line":4,"column":2},"end":{"line":7,"column":4}},"2":{"start":{"line":9,"column":0},"end":{"line":9,"column":25}}},"fnMap":{"0":{"name":"SvgLogo","decl":{"start":{"line":3,"column":9},"end":{"line":3,"column":16}},"loc":{"start":{"line":3,"column":24},"end":{"line":8,"column":1}},"line":3}},"branchMap":{},"s":{"0":1,"1":4,"2":1},"f":{"0":4},"b":{},"_coverageSchema":"1a1c01bbd47fc00a2c39e90264f33305004495a9","hash":"5feca96f209cce18b2cd8422a78ef9c9f7580254"}
,"/Users/cristianofeitosa/Documents/Projects/rocketseat/ignite/react native/iweather/src/assets/rain.svg": {"path":"/Users/cristianofeitosa/Documents/Projects/rocketseat/ignite/react native/iweather/src/assets/rain.svg","statementMap":{"0":{"start":{"line":2,"column":14},"end":{"line":2,"column":30}},"1":{"start":{"line":4,"column":2},"end":{"line":7,"column":4}},"2":{"start":{"line":9,"column":0},"end":{"line":9,"column":25}}},"fnMap":{"0":{"name":"SvgRain","decl":{"start":{"line":3,"column":9},"end":{"line":3,"column":16}},"loc":{"start":{"line":3,"column":24},"end":{"line":8,"column":1}},"line":3}},"branchMap":{},"s":{"0":1,"1":2,"2":1},"f":{"0":2},"b":{},"_coverageSchema":"1a1c01bbd47fc00a2c39e90264f33305004495a9","hash":"0efc2dd5a089fb0e3f09289f270cd9eeab7da6e7"}
,"/Users/cristianofeitosa/Documents/Projects/rocketseat/ignite/react native/iweather/src/assets/rain_moment_day.svg": {"path":"/Users/cristianofeitosa/Documents/Projects/rocketseat/ignite/react native/iweather/src/assets/rain_moment_day.svg","statementMap":{"0":{"start":{"line":2,"column":14},"end":{"line":2,"column":30}},"1":{"start":{"line":4,"column":2},"end":{"line":7,"column":4}},"2":{"start":{"line":9,"column":0},"end":{"line":9,"column":36}}},"fnMap":{"0":{"name":"SvgRain_moment_day","decl":{"start":{"line":3,"column":9},"end":{"line":3,"column":27}},"loc":{"start":{"line":3,"column":35},"end":{"line":8,"column":1}},"line":3}},"branchMap":{},"s":{"0":2,"1":0,"2":2},"f":{"0":0},"b":{},"_coverageSchema":"1a1c01bbd47fc00a2c39e90264f33305004495a9","hash":"ad8de68c8891a8fc7fbf73c4ea17394bb13716d0"}
,"/Users/cristianofeitosa/Documents/Projects/rocketseat/ignite/react native/iweather/src/assets/snow_day.svg": {"path":"/Users/cristianofeitosa/Documents/Projects/rocketseat/ignite/react native/iweather/src/assets/snow_day.svg","statementMap":{"0":{"start":{"line":2,"column":14},"end":{"line":2,"column":30}},"1":{"start":{"line":4,"column":2},"end":{"line":7,"column":4}},"2":{"start":{"line":9,"column":0},"end":{"line":9,"column":29}}},"fnMap":{"0":{"name":"SvgSnow_day","decl":{"start":{"line":3,"column":9},"end":{"line":3,"column":20}},"loc":{"start":{"line":3,"column":28},"end":{"line":8,"column":1}},"line":3}},"branchMap":{},"s":{"0":2,"1":0,"2":2},"f":{"0":0},"b":{},"_coverageSchema":"1a1c01bbd47fc00a2c39e90264f33305004495a9","hash":"994ee1136afde6c7f385df13ba42cc1eae76c59e"}
,"/Users/cristianofeitosa/Documents/Projects/rocketseat/ignite/react native/iweather/src/assets/snow_night.svg": {"path":"/Users/cristianofeitosa/Documents/Projects/rocketseat/ignite/react native/iweather/src/assets/snow_night.svg","statementMap":{"0":{"start":{"line":2,"column":14},"end":{"line":2,"column":30}},"1":{"start":{"line":4,"column":2},"end":{"line":7,"column":4}},"2":{"start":{"line":9,"column":0},"end":{"line":9,"column":31}}},"fnMap":{"0":{"name":"SvgSnow_night","decl":{"start":{"line":3,"column":9},"end":{"line":3,"column":22}},"loc":{"start":{"line":3,"column":30},"end":{"line":8,"column":1}},"line":3}},"branchMap":{},"s":{"0":2,"1":0,"2":2},"f":{"0":0},"b":{},"_coverageSchema":"1a1c01bbd47fc00a2c39e90264f33305004495a9","hash":"6980a62f5877e09b0625cec8676a2feb349a2fba"}
,"/Users/cristianofeitosa/Documents/Projects/rocketseat/ignite/react native/iweather/src/assets/sun.svg": {"path":"/Users/cristianofeitosa/Documents/Projects/rocketseat/ignite/react native/iweather/src/assets/sun.svg","statementMap":{"0":{"start":{"line":2,"column":14},"end":{"line":2,"column":30}},"1":{"start":{"line":4,"column":2},"end":{"line":7,"column":4}},"2":{"start":{"line":9,"column":0},"end":{"line":9,"column":24}}},"fnMap":{"0":{"name":"SvgSun","decl":{"start":{"line":3,"column":9},"end":{"line":3,"column":15}},"loc":{"start":{"line":3,"column":23},"end":{"line":8,"column":1}},"line":3}},"branchMap":{},"s":{"0":1,"1":2,"2":1},"f":{"0":2},"b":{},"_coverageSchema":"1a1c01bbd47fc00a2c39e90264f33305004495a9","hash":"832c9a8fe106f96673635f0ebf23512d713c1e12"}
,"/Users/cristianofeitosa/Documents/Projects/rocketseat/ignite/react native/iweather/src/assets/thermometer.svg": {"path":"/Users/cristianofeitosa/Documents/Projects/rocketseat/ignite/react native/iweather/src/assets/thermometer.svg","statementMap":{"0":{"start":{"line":2,"column":14},"end":{"line":2,"column":30}},"1":{"start":{"line":4,"column":2},"end":{"line":7,"column":4}},"2":{"start":{"line":9,"column":0},"end":{"line":9,"column":32}}},"fnMap":{"0":{"name":"SvgThermometer","decl":{"start":{"line":3,"column":9},"end":{"line":3,"column":23}},"loc":{"start":{"line":3,"column":31},"end":{"line":8,"column":1}},"line":3}},"branchMap":{},"s":{"0":1,"1":2,"2":1},"f":{"0":2},"b":{},"_coverageSchema":"1a1c01bbd47fc00a2c39e90264f33305004495a9","hash":"b6ef62c3dc96338be3bd124f2011a045e52c83e8"}
,"/Users/cristianofeitosa/Documents/Projects/rocketseat/ignite/react native/iweather/src/assets/wind.svg": {"path":"/Users/cristianofeitosa/Documents/Projects/rocketseat/ignite/react native/iweather/src/assets/wind.svg","statementMap":{"0":{"start":{"line":2,"column":14},"end":{"line":2,"column":30}},"1":{"start":{"line":4,"column":2},"end":{"line":7,"column":4}},"2":{"start":{"line":9,"column":0},"end":{"line":9,"column":25}}},"fnMap":{"0":{"name":"SvgWind","decl":{"start":{"line":3,"column":9},"end":{"line":3,"column":16}},"loc":{"start":{"line":3,"column":24},"end":{"line":8,"column":1}},"line":3}},"branchMap":{},"s":{"0":1,"1":2,"2":1},"f":{"0":2},"b":{},"_coverageSchema":"1a1c01bbd47fc00a2c39e90264f33305004495a9","hash":"38eebd17c9f6967969a8faf344821d5f11358952"}
,"/Users/cristianofeitosa/Documents/Projects/rocketseat/ignite/react native/iweather/src/components/Day/index.tsx": {"path":"/Users/cristianofeitosa/Documents/Projects/rocketseat/ignite/react native/iweather/src/components/Day/index.tsx","statementMap":{"0":{"start":{"line":19,"column":25},"end":{"line":19,"column":29}},"1":{"start":{"line":21,"column":2},"end":{"line":37,"column":4}}},"fnMap":{"0":{"name":"Day","decl":{"start":{"line":18,"column":16},"end":{"line":18,"column":19}},"loc":{"start":{"line":18,"column":37},"end":{"line":38,"column":1}},"line":18}},"branchMap":{},"s":{"0":8,"1":8},"f":{"0":8},"b":{},"_coverageSchema":"1a1c01bbd47fc00a2c39e90264f33305004495a9","hash":"202a35934bcea4b560088146516667a4a8d81ff1"}
,"/Users/cristianofeitosa/Documents/Projects/rocketseat/ignite/react native/iweather/src/components/Day/styles.ts": {"path":"/Users/cristianofeitosa/Documents/Projects/rocketseat/ignite/react native/iweather/src/components/Day/styles.ts","statementMap":{"0":{"start":{"line":4,"column":22},"end":{"line":28,"column":2}}},"fnMap":{},"branchMap":{},"s":{"0":3},"f":{},"b":{},"_coverageSchema":"1a1c01bbd47fc00a2c39e90264f33305004495a9","hash":"b00aad3eae33c7d9709f616dc307ac7c562fb8ba"}
,"/Users/cristianofeitosa/Documents/Projects/rocketseat/ignite/react native/iweather/src/components/Input/index.tsx": {"path":"/Users/cristianofeitosa/Documents/Projects/rocketseat/ignite/react native/iweather/src/components/Input/index.tsx","statementMap":{"0":{"start":{"line":11,"column":2},"end":{"line":28,"column":4}}},"fnMap":{"0":{"name":"Input","decl":{"start":{"line":10,"column":16},"end":{"line":10,"column":21}},"loc":{"start":{"line":10,"column":61},"end":{"line":29,"column":1}},"line":10}},"branchMap":{"0":{"loc":{"start":{"line":10,"column":24},"end":{"line":10,"column":41}},"type":"default-arg","locations":[{"start":{"line":10,"column":36},"end":{"line":10,"column":41}}],"line":10},"1":{"loc":{"start":{"line":20,"column":8},"end":{"line":25,"column":9}},"type":"binary-expr","locations":[{"start":{"line":20,"column":8},"end":{"line":20,"column":17}},{"start":{"line":21,"column":10},"end":{"line":24,"column":12}}],"line":20}},"s":{"0":10},"f":{"0":10},"b":{"0":[3],"1":[10,1]},"_coverageSchema":"1a1c01bbd47fc00a2c39e90264f33305004495a9","hash":"1e8daa28c20a5c0ba0e9d17f87c170de7e3fe9c0"}
,"/Users/cristianofeitosa/Documents/Projects/rocketseat/ignite/react native/iweather/src/components/Input/styles.ts": {"path":"/Users/cristianofeitosa/Documents/Projects/rocketseat/ignite/react native/iweather/src/components/Input/styles.ts","statementMap":{"0":{"start":{"line":4,"column":22},"end":{"line":19,"column":2}}},"fnMap":{},"branchMap":{},"s":{"0":3},"f":{},"b":{},"_coverageSchema":"1a1c01bbd47fc00a2c39e90264f33305004495a9","hash":"152ff322cd066691436ea6d14368b43561bdd6f1"}
,"/Users/cristianofeitosa/Documents/Projects/rocketseat/ignite/react native/iweather/src/components/Loading/index.tsx": {"path":"/Users/cristianofeitosa/Documents/Projects/rocketseat/ignite/react native/iweather/src/components/Loading/index.tsx","statementMap":{"0":{"start":{"line":7,"column":2},"end":{"line":11,"column":4}}},"fnMap":{"0":{"name":"Loading","decl":{"start":{"line":6,"column":16},"end":{"line":6,"column":23}},"loc":{"start":{"line":6,"column":26},"end":{"line":12,"column":1}},"line":6}},"branchMap":{},"s":{"0":6},"f":{"0":6},"b":{},"_coverageSchema":"1a1c01bbd47fc00a2c39e90264f33305004495a9","hash":"1d2c287b067bd88c17a71c78a6f4f0031152775d"}
,"/Users/cristianofeitosa/Documents/Projects/rocketseat/ignite/react native/iweather/src/components/Loading/styles.ts": {"path":"/Users/cristianofeitosa/Documents/Projects/rocketseat/ignite/react native/iweather/src/components/Loading/styles.ts","statementMap":{"0":{"start":{"line":4,"column":22},"end":{"line":11,"column":2}}},"fnMap":{},"branchMap":{},"s":{"0":1},"f":{},"b":{},"_coverageSchema":"1a1c01bbd47fc00a2c39e90264f33305004495a9","hash":"a6d09d1b8594559ca61a9658ae3a768833156cbd"}
,"/Users/cristianofeitosa/Documents/Projects/rocketseat/ignite/react native/iweather/src/components/NextDays/index.tsx": {"path":"/Users/cristianofeitosa/Documents/Projects/rocketseat/ignite/react native/iweather/src/components/NextDays/index.tsx","statementMap":{"0":{"start":{"line":12,"column":2},"end":{"line":20,"column":4}},"1":{"start":{"line":16,"column":10},"end":{"line":16,"column":42}}},"fnMap":{"0":{"name":"NextDays","decl":{"start":{"line":11,"column":16},"end":{"line":11,"column":24}},"loc":{"start":{"line":11,"column":42},"end":{"line":21,"column":1}},"line":11},"1":{"name":"(anonymous_1)","decl":{"start":{"line":15,"column":17},"end":{"line":15,"column":18}},"loc":{"start":{"line":16,"column":10},"end":{"line":16,"column":42}},"line":16}},"branchMap":{},"s":{"0":3,"1":7},"f":{"0":3,"1":7},"b":{},"_coverageSchema":"1a1c01bbd47fc00a2c39e90264f33305004495a9","hash":"4f127993e50038a5797633e4cc442be54f57289f"}
,"/Users/cristianofeitosa/Documents/Projects/rocketseat/ignite/react native/iweather/src/components/NextDays/styles.ts": {"path":"/Users/cristianofeitosa/Documents/Projects/rocketseat/ignite/react native/iweather/src/components/NextDays/styles.ts","statementMap":{"0":{"start":{"line":4,"column":22},"end":{"line":14,"column":2}}},"fnMap":{},"branchMap":{},"s":{"0":2},"f":{},"b":{},"_coverageSchema":"1a1c01bbd47fc00a2c39e90264f33305004495a9","hash":"68399afbefe06ab86d1818eaf9959f7eec9b0fd5"}
,"/Users/cristianofeitosa/Documents/Projects/rocketseat/ignite/react native/iweather/src/components/SelectList/index.tsx": {"path":"/Users/cristianofeitosa/Documents/Projects/rocketseat/ignite/react native/iweather/src/components/SelectList/index.tsx","statementMap":{"0":{"start":{"line":17,"column":2},"end":{"line":42,"column":4}},"1":{"start":{"line":29,"column":12},"end":{"line":37,"column":31}},"2":{"start":{"line":32,"column":29},"end":{"line":32,"column":48}}},"fnMap":{"0":{"name":"SelectList","decl":{"start":{"line":16,"column":16},"end":{"line":16,"column":26}},"loc":{"start":{"line":16,"column":41},"end":{"line":43,"column":1}},"line":16},"1":{"name":"(anonymous_1)","decl":{"start":{"line":28,"column":25},"end":{"line":28,"column":26}},"loc":{"start":{"line":29,"column":12},"end":{"line":37,"column":31}},"line":29},"2":{"name":"(anonymous_2)","decl":{"start":{"line":32,"column":23},"end":{"line":32,"column":24}},"loc":{"start":{"line":32,"column":29},"end":{"line":32,"column":48}},"line":32}},"branchMap":{},"s":{"0":8,"1":2,"2":1},"f":{"0":8,"1":2,"2":1},"b":{},"_coverageSchema":"1a1c01bbd47fc00a2c39e90264f33305004495a9","hash":"df88656d09e816cb7ebbb10d798799f223a08483"}
,"/Users/cristianofeitosa/Documents/Projects/rocketseat/ignite/react native/iweather/src/components/SelectList/styles.ts": {"path":"/Users/cristianofeitosa/Documents/Projects/rocketseat/ignite/react native/iweather/src/components/SelectList/styles.ts","statementMap":{"0":{"start":{"line":4,"column":22},"end":{"line":28,"column":2}}},"fnMap":{},"branchMap":{},"s":{"0":2},"f":{},"b":{},"_coverageSchema":"1a1c01bbd47fc00a2c39e90264f33305004495a9","hash":"e9c8f63dd8784fc307ed961ae0b0c9524b7f71aa"}
,"/Users/cristianofeitosa/Documents/Projects/rocketseat/ignite/react native/iweather/src/components/WeatherDetails/index.tsx": {"path":"/Users/cristianofeitosa/Documents/Projects/rocketseat/ignite/react native/iweather/src/components/WeatherDetails/index.tsx","statementMap":{"0":{"start":{"line":26,"column":2},"end":{"line":59,"column":4}}},"fnMap":{"0":{"name":"WeatherDetails","decl":{"start":{"line":25,"column":16},"end":{"line":25,"column":30}},"loc":{"start":{"line":25,"column":48},"end":{"line":60,"column":1}},"line":25}},"branchMap":{},"s":{"0":2},"f":{"0":2},"b":{},"_coverageSchema":"1a1c01bbd47fc00a2c39e90264f33305004495a9","hash":"344847d36a001ef31006a67f179e46f6402ac6f3"}
,"/Users/cristianofeitosa/Documents/Projects/rocketseat/ignite/react native/iweather/src/components/WeatherDetails/styles.ts": {"path":"/Users/cristianofeitosa/Documents/Projects/rocketseat/ignite/react native/iweather/src/components/WeatherDetails/styles.ts","statementMap":{"0":{"start":{"line":4,"column":22},"end":{"line":11,"column":2}}},"fnMap":{},"branchMap":{},"s":{"0":1},"f":{},"b":{},"_coverageSchema":"1a1c01bbd47fc00a2c39e90264f33305004495a9","hash":"db99e9e8fe3604799824a3373a23247d56ff4f36"}
,"/Users/cristianofeitosa/Documents/Projects/rocketseat/ignite/react native/iweather/src/components/WeatherItem/index.tsx": {"path":"/Users/cristianofeitosa/Documents/Projects/rocketseat/ignite/react native/iweather/src/components/WeatherItem/index.tsx","statementMap":{"0":{"start":{"line":14,"column":2},"end":{"line":26,"column":4}}},"fnMap":{"0":{"name":"WeatherItem","decl":{"start":{"line":13,"column":16},"end":{"line":13,"column":27}},"loc":{"start":{"line":13,"column":81},"end":{"line":27,"column":1}},"line":13}},"branchMap":{"0":{"loc":{"start":{"line":13,"column":56},"end":{"line":13,"column":70}},"type":"default-arg","locations":[{"start":{"line":13,"column":65},"end":{"line":13,"column":70}}],"line":13},"1":{"loc":{"start":{"line":15,"column":36},"end":{"line":15,"column":66}},"type":"binary-expr","locations":[{"start":{"line":15,"column":36},"end":{"line":15,"column":43}},{"start":{"line":15,"column":47},"end":{"line":15,"column":66}}],"line":15}},"s":{"0":11},"f":{"0":11},"b":{"0":[9],"1":[11,9]},"_coverageSchema":"1a1c01bbd47fc00a2c39e90264f33305004495a9","hash":"f7d7f6c06e977dd62e1c780ff8aff2de854fb87a"}
,"/Users/cristianofeitosa/Documents/Projects/rocketseat/ignite/react native/iweather/src/components/WeatherItem/styles.ts": {"path":"/Users/cristianofeitosa/Documents/Projects/rocketseat/ignite/react native/iweather/src/components/WeatherItem/styles.ts","statementMap":{"0":{"start":{"line":4,"column":22},"end":{"line":27,"column":2}}},"fnMap":{},"branchMap":{},"s":{"0":2},"f":{},"b":{},"_coverageSchema":"1a1c01bbd47fc00a2c39e90264f33305004495a9","hash":"f9710c24575ac615585cfc3e3ea8900466a2c896"}
,"/Users/cristianofeitosa/Documents/Projects/rocketseat/ignite/react native/iweather/src/components/WeatherToday/index.tsx": {"path":"/Users/cristianofeitosa/Documents/Projects/rocketseat/ignite/react native/iweather/src/components/WeatherToday/index.tsx","statementMap":{"0":{"start":{"line":23,"column":16},"end":{"line":23,"column":72}},"1":{"start":{"line":24,"column":16},"end":{"line":24,"column":27}},"2":{"start":{"line":26,"column":16},"end":{"line":26,"column":73}},"3":{"start":{"line":27,"column":15},"end":{"line":27,"column":78}},"4":{"start":{"line":29,"column":2},"end":{"line":59,"column":4}}},"fnMap":{"0":{"name":"WeatherToday","decl":{"start":{"line":22,"column":16},"end":{"line":22,"column":28}},"loc":{"start":{"line":22,"column":55},"end":{"line":60,"column":1}},"line":22}},"branchMap":{"0":{"loc":{"start":{"line":26,"column":16},"end":{"line":26,"column":73}},"type":"cond-expr","locations":[{"start":{"line":26,"column":24},"end":{"line":26,"column":46}},{"start":{"line":26,"column":49},"end":{"line":26,"column":73}}],"line":26},"1":{"loc":{"start":{"line":27,"column":15},"end":{"line":27,"column":78}},"type":"cond-expr","locations":[{"start":{"line":27,"column":23},"end":{"line":27,"column":48}},{"start":{"line":27,"column":51},"end":{"line":27,"column":78}}],"line":27}},"s":{"0":2,"1":2,"2":2,"3":2,"4":2},"f":{"0":2},"b":{"0":[0,2],"1":[0,2]},"_coverageSchema":"1a1c01bbd47fc00a2c39e90264f33305004495a9","hash":"e31efc0ed2cb50249e61a323cd2ee89cbfdd972b"}
,"/Users/cristianofeitosa/Documents/Projects/rocketseat/ignite/react native/iweather/src/components/WeatherToday/styles.ts": {"path":"/Users/cristianofeitosa/Documents/Projects/rocketseat/ignite/react native/iweather/src/components/WeatherToday/styles.ts","statementMap":{"0":{"start":{"line":4,"column":22},"end":{"line":48,"column":2}}},"fnMap":{},"branchMap":{},"s":{"0":1},"f":{},"b":{},"_coverageSchema":"1a1c01bbd47fc00a2c39e90264f33305004495a9","hash":"78b755b90bd9fef0630071ccd5f835a7710cabd8"}
,"/Users/cristianofeitosa/Documents/Projects/rocketseat/ignite/react native/iweather/src/contexts/CityContext.tsx": {"path":"/Users/cristianofeitosa/Documents/Projects/rocketseat/ignite/react native/iweather/src/contexts/CityContext.tsx","statementMap":{"0":{"start":{"line":16,"column":27},"end":{"line":16,"column":90}},"1":{"start":{"line":19,"column":44},"end":{"line":19,"column":58}},"2":{"start":{"line":20,"column":26},"end":{"line":20,"column":58}},"3":{"start":{"line":23,"column":4},"end":{"line":23,"column":27}},"4":{"start":{"line":25,"column":4},"end":{"line":25,"column":40}},"5":{"start":{"line":26,"column":4},"end":{"line":26,"column":26}},"6":{"start":{"line":28,"column":4},"end":{"line":28,"column":28}},"7":{"start":{"line":31,"column":2},"end":{"line":37,"column":9}},"8":{"start":{"line":32,"column":4},"end":{"line":32,"column":27}},"9":{"start":{"line":34,"column":4},"end":{"line":36,"column":46}},"10":{"start":{"line":35,"column":22},"end":{"line":35,"column":35}},"11":{"start":{"line":36,"column":21},"end":{"line":36,"column":44}},"12":{"start":{"line":39,"column":2},"end":{"line":47,"column":3}}},"fnMap":{"0":{"name":"CityProvider","decl":{"start":{"line":18,"column":16},"end":{"line":18,"column":28}},"loc":{"start":{"line":18,"column":69},"end":{"line":48,"column":1}},"line":18},"1":{"name":"handleChanceCity","decl":{"start":{"line":22,"column":17},"end":{"line":22,"column":33}},"loc":{"start":{"line":22,"column":59},"end":{"line":29,"column":3}},"line":22},"2":{"name":"(anonymous_2)","decl":{"start":{"line":31,"column":12},"end":{"line":31,"column":13}},"loc":{"start":{"line":31,"column":18},"end":{"line":37,"column":3}},"line":31},"3":{"name":"(anonymous_3)","decl":{"start":{"line":35,"column":12},"end":{"line":35,"column":13}},"loc":{"start":{"line":35,"column":22},"end":{"line":35,"column":35}},"line":35},"4":{"name":"(anonymous_4)","decl":{"start":{"line":36,"column":15},"end":{"line":36,"column":16}},"loc":{"start":{"line":36,"column":21},"end":{"line":36,"column":44}},"line":36}},"branchMap":{},"s":{"0":2,"1":12,"2":12,"3":1,"4":1,"5":1,"6":1,"7":12,"8":4,"9":4,"10":4,"11":4,"12":12},"f":{"0":12,"1":1,"2":4,"3":4,"4":4},"b":{},"_coverageSchema":"1a1c01bbd47fc00a2c39e90264f33305004495a9","hash":"779abacb6ae06a6537d4dbbc9e0d83b965cf78f3"}
,"/Users/cristianofeitosa/Documents/Projects/rocketseat/ignite/react native/iweather/src/hooks/useCity.ts": {"path":"/Users/cristianofeitosa/Documents/Projects/rocketseat/ignite/react native/iweather/src/hooks/useCity.ts","statementMap":{"0":{"start":{"line":6,"column":18},"end":{"line":6,"column":41}},"1":{"start":{"line":8,"column":2},"end":{"line":8,"column":16}}},"fnMap":{"0":{"name":"useCity","decl":{"start":{"line":5,"column":16},"end":{"line":5,"column":23}},"loc":{"start":{"line":5,"column":26},"end":{"line":9,"column":1}},"line":5}},"branchMap":{},"s":{"0":23,"1":23},"f":{"0":23},"b":{},"_coverageSchema":"1a1c01bbd47fc00a2c39e90264f33305004495a9","hash":"b9dc1b16c263ac4f11db5284d6935c162e0d33a8"}
,"/Users/cristianofeitosa/Documents/Projects/rocketseat/ignite/react native/iweather/src/libs/asyncStorage/cityStorage.ts": {"path":"/Users/cristianofeitosa/Documents/Projects/rocketseat/ignite/react native/iweather/src/libs/asyncStorage/cityStorage.ts","statementMap":{"0":{"start":{"line":4,"column":20},"end":{"line":4,"column":36}},"1":{"start":{"line":7,"column":18},"end":{"line":7,"column":57}},"2":{"start":{"line":9,"column":19},"end":{"line":9,"column":68}},"3":{"start":{"line":11,"column":2},"end":{"line":11,"column":18}},"4":{"start":{"line":15,"column":2},"end":{"line":15,"column":64}},"5":{"start":{"line":19,"column":2},"end":{"line":19,"column":45}}},"fnMap":{"0":{"name":"getStorageCity","decl":{"start":{"line":6,"column":22},"end":{"line":6,"column":36}},"loc":{"start":{"line":6,"column":39},"end":{"line":12,"column":1}},"line":6},"1":{"name":"saveStorageCity","decl":{"start":{"line":14,"column":22},"end":{"line":14,"column":37}},"loc":{"start":{"line":14,"column":55},"end":{"line":16,"column":1}},"line":14},"2":{"name":"removeStorageCity","decl":{"start":{"line":18,"column":22},"end":{"line":18,"column":39}},"loc":{"start":{"line":18,"column":42},"end":{"line":20,"column":1}},"line":18}},"branchMap":{"0":{"loc":{"start":{"line":9,"column":19},"end":{"line":9,"column":68}},"type":"cond-expr","locations":[{"start":{"line":9,"column":29},"end":{"line":9,"column":61}},{"start":{"line":9,"column":64},"end":{"line":9,"column":68}}],"line":9}},"s":{"0":3,"1":7,"2":7,"3":7,"4":4,"5":1},"f":{"0":7,"1":4,"2":1},"b":{"0":[3,4]},"_coverageSchema":"1a1c01bbd47fc00a2c39e90264f33305004495a9","hash":"4102ab8155f5301a9654cff279c222bdbd0d326b"}
,"/Users/cristianofeitosa/Documents/Projects/rocketseat/ignite/react native/iweather/src/routes/app.routes.tsx": {"path":"/Users/cristianofeitosa/Documents/Projects/rocketseat/ignite/react native/iweather/src/routes/app.routes.tsx","statementMap":{"0":{"start":{"line":6,"column":30},"end":{"line":6,"column":58}},"1":{"start":{"line":9,"column":2},"end":{"line":21,"column":3}}},"fnMap":{"0":{"name":"AppRoutes","decl":{"start":{"line":8,"column":16},"end":{"line":8,"column":25}},"loc":{"start":{"line":8,"column":28},"end":{"line":22,"column":1}},"line":8}},"branchMap":{},"s":{"0":1,"1":4},"f":{"0":4},"b":{},"_coverageSchema":"1a1c01bbd47fc00a2c39e90264f33305004495a9","hash":"bee79ea4dea9e33ae7ddf09dc2eb75c7e0b52f2f"}
,"/Users/cristianofeitosa/Documents/Projects/rocketseat/ignite/react native/iweather/src/routes/index.tsx": {"path":"/Users/cristianofeitosa/Documents/Projects/rocketseat/ignite/react native/iweather/src/routes/index.tsx","statementMap":{"0":{"start":{"line":12,"column":19},"end":{"line":12,"column":28}},"1":{"start":{"line":13,"column":17},"end":{"line":13,"column":36}},"2":{"start":{"line":15,"column":2},"end":{"line":21,"column":4}}},"fnMap":{"0":{"name":"Routes","decl":{"start":{"line":11,"column":16},"end":{"line":11,"column":22}},"loc":{"start":{"line":11,"column":25},"end":{"line":22,"column":1}},"line":11}},"branchMap":{"0":{"loc":{"start":{"line":18,"column":9},"end":{"line":18,"column":45}},"type":"cond-expr","locations":[{"start":{"line":18,"column":16},"end":{"line":18,"column":29}},{"start":{"line":18,"column":32},"end":{"line":18,"column":45}}],"line":18}},"s":{"0":8,"1":8,"2":8},"f":{"0":8},"b":{"0":[4,4]},"_coverageSchema":"1a1c01bbd47fc00a2c39e90264f33305004495a9","hash":"4adb435e5540f9d5a8a9254a500424933595e91a"}
,"/Users/cristianofeitosa/Documents/Projects/rocketseat/ignite/react native/iweather/src/screens/Dashboard/index.tsx": {"path":"/Users/cristianofeitosa/Documents/Projects/rocketseat/ignite/react native/iweather/src/screens/Dashboard/index.tsx","statementMap":{"0":{"start":{"line":17,"column":30},"end":{"line":17,"column":42}},"1":{"start":{"line":18,"column":40},"end":{"line":18,"column":55}},"2":{"start":{"line":19,"column":30},"end":{"line":19,"column":55}},"3":{"start":{"line":20,"column":50},"end":{"line":20,"column":64}},"4":{"start":{"line":21,"column":32},"end":{"line":21,"column":90}},"5":{"start":{"line":23,"column":52},"end":{"line":23,"column":61}},"6":{"start":{"line":26,"column":4},"end":{"line":26,"column":28}},"7":{"start":{"line":27,"column":4},"end":{"line":27,"column":18}},"8":{"start":{"line":28,"column":4},"end":{"line":28,"column":18}},"9":{"start":{"line":32,"column":4},"end":{"line":34,"column":5}},"10":{"start":{"line":33,"column":6},"end":{"line":33,"column":13}},"11":{"start":{"line":36,"column":4},"end":{"line":36,"column":30}},"12":{"start":{"line":38,"column":36},"end":{"line":38,"column":40}},"13":{"start":{"line":39,"column":21},"end":{"line":39,"column":75}},"14":{"start":{"line":41,"column":4},"end":{"line":41,"column":25}},"15":{"start":{"line":42,"column":4},"end":{"line":42,"column":31}},"16":{"start":{"line":46,"column":4},"end":{"line":46,"column":25}},"17":{"start":{"line":48,"column":21},"end":{"line":48,"column":53}},"18":{"start":{"line":50,"column":4},"end":{"line":50,"column":24}},"19":{"start":{"line":51,"column":4},"end":{"line":51,"column":26}},"20":{"start":{"line":54,"column":2},"end":{"line":63,"column":15}},"21":{"start":{"line":55,"column":4},"end":{"line":57,"column":5}},"22":{"start":{"line":56,"column":6},"end":{"line":56,"column":13}},"23":{"start":{"line":59,"column":4},"end":{"line":59,"column":21}},"24":{"start":{"line":60,"column":21},"end":{"line":60,"column":61}},"25":{"start":{"line":60,"column":38},"end":{"line":60,"column":55}},"26":{"start":{"line":62,"column":4},"end":{"line":62,"column":41}},"27":{"start":{"line":62,"column":17},"end":{"line":62,"column":40}},"28":{"start":{"line":65,"column":2},"end":{"line":67,"column":13}},"29":{"start":{"line":66,"column":4},"end":{"line":66,"column":24}},"30":{"start":{"line":69,"column":2},"end":{"line":71,"column":3}},"31":{"start":{"line":70,"column":4},"end":{"line":70,"column":23}},"32":{"start":{"line":73,"column":2},"end":{"line":91,"column":4}}},"fnMap":{"0":{"name":"Dashboard","decl":{"start":{"line":16,"column":16},"end":{"line":16,"column":25}},"loc":{"start":{"line":16,"column":28},"end":{"line":92,"column":1}},"line":16},"1":{"name":"handleSelect","decl":{"start":{"line":25,"column":11},"end":{"line":25,"column":23}},"loc":{"start":{"line":25,"column":42},"end":{"line":29,"column":3}},"line":25},"2":{"name":"getWeatherDetails","decl":{"start":{"line":31,"column":17},"end":{"line":31,"column":34}},"loc":{"start":{"line":31,"column":37},"end":{"line":43,"column":3}},"line":31},"3":{"name":"getCities","decl":{"start":{"line":45,"column":17},"end":{"line":45,"column":26}},"loc":{"start":{"line":45,"column":41},"end":{"line":52,"column":3}},"line":45},"4":{"name":"(anonymous_4)","decl":{"start":{"line":54,"column":12},"end":{"line":54,"column":13}},"loc":{"start":{"line":54,"column":18},"end":{"line":63,"column":3}},"line":54},"5":{"name":"(anonymous_5)","decl":{"start":{"line":60,"column":32},"end":{"line":60,"column":33}},"loc":{"start":{"line":60,"column":38},"end":{"line":60,"column":55}},"line":60},"6":{"name":"(anonymous_6)","decl":{"start":{"line":62,"column":11},"end":{"line":62,"column":12}},"loc":{"start":{"line":62,"column":17},"end":{"line":62,"column":40}},"line":62},"7":{"name":"(anonymous_7)","decl":{"start":{"line":65,"column":12},"end":{"line":65,"column":13}},"loc":{"start":{"line":65,"column":18},"end":{"line":67,"column":3}},"line":65}},"branchMap":{"0":{"loc":{"start":{"line":32,"column":4},"end":{"line":34,"column":5}},"type":"if","locations":[{"start":{"line":32,"column":4},"end":{"line":34,"column":5}},{"start":{},"end":{}}],"line":32},"1":{"loc":{"start":{"line":55,"column":4},"end":{"line":57,"column":5}},"type":"if","locations":[{"start":{"line":55,"column":4},"end":{"line":57,"column":5}},{"start":{},"end":{}}],"line":55},"2":{"loc":{"start":{"line":69,"column":2},"end":{"line":71,"column":3}},"type":"if","locations":[{"start":{"line":69,"column":2},"end":{"line":71,"column":3}},{"start":{},"end":{}}],"line":69},"3":{"loc":{"start":{"line":69,"column":6},"end":{"line":69,"column":48}},"type":"binary-expr","locations":[{"start":{"line":69,"column":6},"end":{"line":69,"column":22}},{"start":{"line":69,"column":26},"end":{"line":69,"column":39}},{"start":{"line":69,"column":43},"end":{"line":69,"column":48}}],"line":69}},"s":{"0":8,"1":8,"2":8,"3":8,"4":8,"5":8,"6":0,"7":0,"8":0,"9":2,"10":0,"11":2,"12":2,"13":2,"14":2,"15":2,"16":0,"17":0,"18":0,"19":0,"20":8,"21":2,"22":2,"23":0,"24":0,"25":0,"26":0,"27":0,"28":8,"29":2,"30":8,"31":6,"32":2},"f":{"0":8,"1":0,"2":2,"3":0,"4":2,"5":0,"6":0,"7":2},"b":{"0":[0,2],"1":[2,0],"2":[6,2],"3":[8,2,2]},"_coverageSchema":"1a1c01bbd47fc00a2c39e90264f33305004495a9","hash":"e6c5b5233522863e311edd8efb9b15cdc7b31f11"}
,"/Users/cristianofeitosa/Documents/Projects/rocketseat/ignite/react native/iweather/src/screens/Dashboard/styles.ts": {"path":"/Users/cristianofeitosa/Documents/Projects/rocketseat/ignite/react native/iweather/src/screens/Dashboard/styles.ts","statementMap":{"0":{"start":{"line":4,"column":22},"end":{"line":16,"column":2}}},"fnMap":{},"branchMap":{},"s":{"0":1},"f":{},"b":{},"_coverageSchema":"1a1c01bbd47fc00a2c39e90264f33305004495a9","hash":"ba7d204a3d79945f4b0b8a7b2466020ff9226933"}
,"/Users/cristianofeitosa/Documents/Projects/rocketseat/ignite/react native/iweather/src/screens/Search/index.tsx": {"path":"/Users/cristianofeitosa/Documents/Projects/rocketseat/ignite/react native/iweather/src/screens/Search/index.tsx","statementMap":{"0":{"start":{"line":14,"column":30},"end":{"line":14,"column":42}},"1":{"start":{"line":15,"column":36},"end":{"line":15,"column":51}},"2":{"start":{"line":16,"column":30},"end":{"line":16,"column":55}},"3":{"start":{"line":18,"column":31},"end":{"line":18,"column":40}},"4":{"start":{"line":21,"column":4},"end":{"line":21,"column":23}},"5":{"start":{"line":23,"column":21},"end":{"line":23,"column":53}},"6":{"start":{"line":25,"column":4},"end":{"line":25,"column":24}},"7":{"start":{"line":26,"column":4},"end":{"line":26,"column":24}},"8":{"start":{"line":29,"column":2},"end":{"line":37,"column":15}},"9":{"start":{"line":30,"column":4},"end":{"line":32,"column":5}},"10":{"start":{"line":31,"column":6},"end":{"line":31,"column":13}},"11":{"start":{"line":34,"column":21},"end":{"line":34,"column":61}},"12":{"start":{"line":34,"column":38},"end":{"line":34,"column":55}},"13":{"start":{"line":36,"column":4},"end":{"line":36,"column":41}},"14":{"start":{"line":36,"column":17},"end":{"line":36,"column":40}},"15":{"start":{"line":39,"column":2},"end":{"line":63,"column":4}}},"fnMap":{"0":{"name":"Search","decl":{"start":{"line":13,"column":16},"end":{"line":13,"column":22}},"loc":{"start":{"line":13,"column":25},"end":{"line":64,"column":1}},"line":13},"1":{"name":"getCities","decl":{"start":{"line":20,"column":17},"end":{"line":20,"column":26}},"loc":{"start":{"line":20,"column":41},"end":{"line":27,"column":3}},"line":20},"2":{"name":"(anonymous_2)","decl":{"start":{"line":29,"column":12},"end":{"line":29,"column":13}},"loc":{"start":{"line":29,"column":18},"end":{"line":37,"column":3}},"line":29},"3":{"name":"(anonymous_3)","decl":{"start":{"line":34,"column":32},"end":{"line":34,"column":33}},"loc":{"start":{"line":34,"column":38},"end":{"line":34,"column":55}},"line":34},"4":{"name":"(anonymous_4)","decl":{"start":{"line":36,"column":11},"end":{"line":36,"column":12}},"loc":{"start":{"line":36,"column":17},"end":{"line":36,"column":40}},"line":36}},"branchMap":{"0":{"loc":{"start":{"line":30,"column":4},"end":{"line":32,"column":5}},"type":"if","locations":[{"start":{"line":30,"column":4},"end":{"line":32,"column":5}},{"start":{},"end":{}}],"line":30}},"s":{"0":4,"1":4,"2":4,"3":4,"4":0,"5":0,"6":0,"7":0,"8":4,"9":3,"10":3,"11":0,"12":0,"13":0,"14":0,"15":4},"f":{"0":4,"1":0,"2":3,"3":0,"4":0},"b":{"0":[3,0]},"_coverageSchema":"1a1c01bbd47fc00a2c39e90264f33305004495a9","hash":"1b1ae2c6971265446b9bb32df4d3430256db2146"}
,"/Users/cristianofeitosa/Documents/Projects/rocketseat/ignite/react native/iweather/src/screens/Search/styles.ts": {"path":"/Users/cristianofeitosa/Documents/Projects/rocketseat/ignite/react native/iweather/src/screens/Search/styles.ts","statementMap":{"0":{"start":{"line":4,"column":19},"end":{"line":4,"column":43}},"1":{"start":{"line":6,"column":22},"end":{"line":40,"column":2}}},"fnMap":{},"branchMap":{},"s":{"0":1,"1":1},"f":{},"b":{},"_coverageSchema":"1a1c01bbd47fc00a2c39e90264f33305004495a9","hash":"6a1ffbbd8f280c653618c27fa01945ed7b1fef4a"}
,"/Users/cristianofeitosa/Documents/Projects/rocketseat/ignite/react native/iweather/src/services/api.ts": {"path":"/Users/cristianofeitosa/Documents/Projects/rocketseat/ignite/react native/iweather/src/services/api.ts","statementMap":{"0":{"start":{"line":3,"column":19},"end":{"line":10,"column":2}}},"fnMap":{},"branchMap":{},"s":{"0":3},"f":{},"b":{},"_coverageSchema":"1a1c01bbd47fc00a2c39e90264f33305004495a9","hash":"ec65291a61c0cfd212cfd321d4eeefc995435d65"}
,"/Users/cristianofeitosa/Documents/Projects/rocketseat/ignite/react native/iweather/src/services/getCityByNameService.ts": {"path":"/Users/cristianofeitosa/Documents/Projects/rocketseat/ignite/react native/iweather/src/services/getCityByNameService.ts","statementMap":{"0":{"start":{"line":23,"column":2},"end":{"line":38,"column":3}},"1":{"start":{"line":24,"column":21},"end":{"line":26,"column":5}},"2":{"start":{"line":28,"column":17},"end":{"line":33,"column":5}},"3":{"start":{"line":35,"column":4},"end":{"line":35,"column":18}},"4":{"start":{"line":37,"column":4},"end":{"line":37,"column":14}}},"fnMap":{"0":{"name":"getCityByNameService","decl":{"start":{"line":22,"column":22},"end":{"line":22,"column":42}},"loc":{"start":{"line":22,"column":84},"end":{"line":39,"column":1}},"line":22}},"branchMap":{"0":{"loc":{"start":{"line":30,"column":12},"end":{"line":30,"column":78}},"type":"cond-expr","locations":[{"start":{"line":30,"column":31},"end":{"line":30,"column":66}},{"start":{"line":30,"column":69},"end":{"line":30,"column":78}}],"line":30}},"s":{"0":1,"1":1,"2":1,"3":1,"4":0},"f":{"0":1},"b":{"0":[1,0]},"_coverageSchema":"1a1c01bbd47fc00a2c39e90264f33305004495a9","hash":"43cf7076fda4d970728dce15a366d7eaeb2de503"}
,"/Users/cristianofeitosa/Documents/Projects/rocketseat/ignite/react native/iweather/src/services/getWeatherByCityService.ts": {"path":"/Users/cristianofeitosa/Documents/Projects/rocketseat/ignite/react native/iweather/src/services/getWeatherByCityService.ts","statementMap":{"0":{"start":{"line":46,"column":19},"end":{"line":46,"column":151}},"1":{"start":{"line":47,"column":39},"end":{"line":47,"column":51}},"2":{"start":{"line":49,"column":16},"end":{"line":64,"column":3}},"3":{"start":{"line":66,"column":15},"end":{"line":66,"column":28}},"4":{"start":{"line":67,"column":30},"end":{"line":67,"column":32}},"5":{"start":{"line":68,"column":31},"end":{"line":68,"column":33}},"6":{"start":{"line":70,"column":2},"end":{"line":88,"column":5}},"7":{"start":{"line":71,"column":16},"end":{"line":71,"column":60}},"8":{"start":{"line":73,"column":4},"end":{"line":87,"column":5}},"9":{"start":{"line":74,"column":6},"end":{"line":74,"column":26}},"10":{"start":{"line":76,"column":44},"end":{"line":76,"column":64}},"11":{"start":{"line":78,"column":22},"end":{"line":78,"column":42}},"12":{"start":{"line":80,"column":6},"end":{"line":86,"column":9}},"13":{"start":{"line":90,"column":2},"end":{"line":90,"column":28}}},"fnMap":{"0":{"name":"getWeatherByCityService","decl":{"start":{"line":45,"column":22},"end":{"line":45,"column":45}},"loc":{"start":{"line":45,"column":126},"end":{"line":91,"column":1}},"line":45},"1":{"name":"(anonymous_1)","decl":{"start":{"line":70,"column":20},"end":{"line":70,"column":21}},"loc":{"start":{"line":70,"column":35},"end":{"line":88,"column":3}},"line":70}},"branchMap":{"0":{"loc":{"start":{"line":73,"column":4},"end":{"line":87,"column":5}},"type":"if","locations":[{"start":{"line":73,"column":4},"end":{"line":87,"column":5}},{"start":{},"end":{}}],"line":73},"1":{"loc":{"start":{"line":73,"column":8},"end":{"line":73,"column":54}},"type":"binary-expr","locations":[{"start":{"line":73,"column":8},"end":{"line":73,"column":26}},{"start":{"line":73,"column":30},"end":{"line":73,"column":54}}],"line":73}},"s":{"0":3,"1":3,"2":3,"3":3,"4":3,"5":3,"6":3,"7":6,"8":6,"9":3,"10":3,"11":3,"12":3,"13":3},"f":{"0":3,"1":6},"b":{"0":[3,3],"1":[6,6]},"_coverageSchema":"1a1c01bbd47fc00a2c39e90264f33305004495a9","hash":"9b039f71bbb48d961b3e4890f07945a98b56ad6d"}
,"/Users/cristianofeitosa/Documents/Projects/rocketseat/ignite/react native/iweather/src/styles/theme.ts": {"path":"/Users/cristianofeitosa/Documents/Projects/rocketseat/ignite/react native/iweather/src/styles/theme.ts","statementMap":{"0":{"start":{"line":1,"column":21},"end":{"line":23,"column":1}}},"fnMap":{},"branchMap":{},"s":{"0":6},"f":{},"b":{},"_coverageSchema":"1a1c01bbd47fc00a2c39e90264f33305004495a9","hash":"52b8679777b0464c5e4e45a7507f42632251dd95"}
,"/Users/cristianofeitosa/Documents/Projects/rocketseat/ignite/react native/iweather/src/utils/getNextDays.ts": {"path":"/Users/cristianofeitosa/Documents/Projects/rocketseat/ignite/react native/iweather/src/utils/getNextDays.ts","statementMap":{"0":{"start":{"line":4,"column":15},"end":{"line":4,"column":17}},"1":{"start":{"line":5,"column":16},"end":{"line":5,"column":26}},"2":{"start":{"line":7,"column":2},"end":{"line":13,"column":3}},"3":{"start":{"line":7,"column":15},"end":{"line":7,"column":16}},"4":{"start":{"line":8,"column":17},"end":{"line":8,"column":27}},"5":{"start":{"line":10,"column":4},"end":{"line":10,"column":44}},"6":{"start":{"line":12,"column":4},"end":{"line":12,"column":43}},"7":{"start":{"line":15,"column":2},"end":{"line":15,"column":14}}},"fnMap":{"0":{"name":"getNextDays","decl":{"start":{"line":3,"column":16},"end":{"line":3,"column":27}},"loc":{"start":{"line":3,"column":30},"end":{"line":16,"column":1}},"line":3}},"branchMap":{},"s":{"0":4,"1":4,"2":4,"3":4,"4":20,"5":20,"6":20,"7":4},"f":{"0":4},"b":{},"_coverageSchema":"1a1c01bbd47fc00a2c39e90264f33305004495a9","hash":"d90b5c4a2493a3507dd97f94d420a89c856bbe38"}
,"/Users/cristianofeitosa/Documents/Projects/rocketseat/ignite/react native/iweather/src/utils/isDayTime.ts": {"path":"/Users/cristianofeitosa/Documents/Projects/rocketseat/ignite/react native/iweather/src/utils/isDayTime.ts","statementMap":{"0":{"start":{"line":2,"column":16},"end":{"line":2,"column":37}},"1":{"start":{"line":3,"column":2},"end":{"line":3,"column":33}}},"fnMap":{"0":{"name":"isDayTime","decl":{"start":{"line":1,"column":16},"end":{"line":1,"column":25}},"loc":{"start":{"line":1,"column":28},"end":{"line":4,"column":1}},"line":1}},"branchMap":{"0":{"loc":{"start":{"line":3,"column":9},"end":{"line":3,"column":32}},"type":"binary-expr","locations":[{"start":{"line":3,"column":9},"end":{"line":3,"column":18}},{"start":{"line":3,"column":22},"end":{"line":3,"column":32}}],"line":3}},"s":{"0":2,"1":2},"f":{"0":2},"b":{"0":[2,2]},"_coverageSchema":"1a1c01bbd47fc00a2c39e90264f33305004495a9","hash":"d3029767e547d30fe749ec3556cf03ca915d80d1"}
,"/Users/cristianofeitosa/Documents/Projects/rocketseat/ignite/react native/iweather/src/utils/weatherIcons.ts": {"path":"/Users/cristianofeitosa/Documents/Projects/rocketseat/ignite/react native/iweather/src/utils/weatherIcons.ts","statementMap":{"0":{"start":{"line":20,"column":28},"end":{"line":49,"column":1}}},"fnMap":{},"branchMap":{},"s":{"0":2},"f":{},"b":{},"_coverageSchema":"1a1c01bbd47fc00a2c39e90264f33305004495a9","hash":"37493b44db5ea7b26ff9159c1d4e7311b1d254db"}
}
